<?xml version="1.0" encoding="UTF-8"?>
<!-- Generated by org.testng.reporters.JUnitXMLReporter -->
<testsuite hostname="adhmin-PC" ignored="0" name="Run Time" tests="13" failures="3" timestamp="09 May 2020 13:25:38 GMT" time="0.347" errors="0">
  <testcase name="TC1" time="0.12" classname="analyzerapproach_2.RetryMyTest">
    <skipped/>
  </testcase> <!-- TC1 -->
  <testcase name="TC1" time="0.002" classname="analyzerapproach_2.RetryMyTest">
    <skipped/>
  </testcase> <!-- TC1 -->
  <testcase name="TC1" time="0.002" classname="analyzerapproach_2.RetryMyTest">
    <skipped/>
  </testcase> <!-- TC1 -->
  <testcase name="TC1" time="0.007" classname="analyzerapproach_2.RetryMyTest">
    <failure type="java.lang.AssertionError" message="expected [Google] but found [abccccs]">
      <![CDATA[java.lang.AssertionError: expected [Google] but found [abccccs]
at analyzerapproach_2.RetryMyTest.TC1(RetryMyTest.java:21)
... Removed 31 stack frames]]>
    </failure>
  </testcase> <!-- TC1 -->
  <testcase name="TC2" time="0.006" classname="analyzerapproach_2.RetryMyTest">
    <skipped/>
  </testcase> <!-- TC2 -->
  <testcase name="TC2" time="0.009" classname="analyzerapproach_2.RetryMyTest">
    <skipped/>
  </testcase> <!-- TC2 -->
  <testcase name="TC2" time="0.002" classname="analyzerapproach_2.RetryMyTest">
    <skipped/>
  </testcase> <!-- TC2 -->
  <testcase name="TC2" time="0.01" classname="analyzerapproach_2.RetryMyTest">
    <failure type="java.lang.AssertionError" message="expected [Google] but found [abc]">
      <![CDATA[java.lang.AssertionError: expected [Google] but found [abc]
at analyzerapproach_2.RetryMyTest.TC2(RetryMyTest.java:32)
... Removed 31 stack frames]]>
    </failure>
  </testcase> <!-- TC2 -->
  <testcase name="TC3" time="0.002" classname="analyzerapproach_2.RetryMyTest">
    <skipped/>
  </testcase> <!-- TC3 -->
  <testcase name="TC3" time="0.007" classname="analyzerapproach_2.RetryMyTest">
    <skipped/>
  </testcase> <!-- TC3 -->
  <testcase name="TC3" time="0.004" classname="analyzerapproach_2.RetryMyTest">
    <skipped/>
  </testcase> <!-- TC3 -->
  <testcase name="TC3" time="0.007" classname="analyzerapproach_2.RetryMyTest">
    <failure type="java.lang.AssertionError" message="expected [Google] but found [abc]">
      <![CDATA[java.lang.AssertionError: expected [Google] but found [abc]
at analyzerapproach_2.RetryMyTest.TC3(RetryMyTest.java:42)
... Removed 31 stack frames]]>
    </failure>
  </testcase> <!-- TC3 -->
  <testcase name="TC4" time="0.002" classname="analyzerapproach_2.RetryMyTest"/>
</testsuite> <!-- Run Time -->
